<?xml version="1.0" encoding="UTF-8"?>
<testsuite name="JUnitTest" tests="1" skipped="0" failures="0" errors="0" timestamp="2023-06-24T14:58:20" hostname="chahyunsoo-MacBookAir.local" time="0.006">
  <properties/>
  <testcase name="단순 테스트 확인용" classname="JUnitTest" time="0.006"/>
  <system-out><![CDATA[]]></system-out>
  <system-err><![CDATA[]]></system-err>
</testsuite>
